0 info it worked if it ends with ok
1 verbose cli [ '/usr/local/bin/node', '/usr/local/bin/npm', 'ci' ]
2 info using npm@6.14.15
3 info using node@v14.18.1
4 verbose config Skipping project config: /root/.npmrc. (matches userconfig)
5 verbose npm-session 3983f3e2a314ae13
6 info prepare initializing installer
7 verbose prepare starting workers
8 verbose prepare installation prefix: /root
9 verbose teardown shutting down workers.
10 info teardown Done in 0s
11 verbose stack Error: ENOENT: no such file or directory, open '/root/package.json'
12 verbose cwd /root
13 verbose Linux 6.4.16-linuxkit
14 verbose argv "/usr/local/bin/node" "/usr/local/bin/npm" "ci"
15 verbose node v14.18.1
16 verbose npm  v6.14.15
17 error code ENOENT
18 error syscall open
19 error path /root/package.json
20 error errno -2
21 error enoent ENOENT: no such file or directory, open '/root/package.json'
22 error enoent This is related to npm not being able to find a file.
23 verbose exit [ -2, true ]
